  zad1.c
c:\users\student\desktop\strukture_kurt\lab1\lab1\zad1.c(1): error C2008: ';': unexpected in macro definition
c:\program files (x86)\windows kits\10\include\10.0.22000.0\ucrt\corecrt.h(366): error C2143: syntax error: missing ')' before '='
c:\program files (x86)\windows kits\10\include\10.0.22000.0\ucrt\corecrt.h(366): error C2072: '_invalid_parameter': initialization of a function
c:\program files (x86)\windows kits\10\include\10.0.22000.0\ucrt\corecrt.h(366): error C2059: syntax error: ','
c:\program files (x86)\windows kits\10\include\10.0.22000.0\ucrt\corecrt.h(368): error C2059: syntax error: ')'
c:\program files (x86)\windows kits\10\include\10.0.22000.0\ucrt\corecrt.h(379): error C2143: syntax error: missing ')' before '='
c:\program files (x86)\windows kits\10\include\10.0.22000.0\ucrt\corecrt.h(379): error C2072: '_invoke_watson': initialization of a function
c:\program files (x86)\windows kits\10\include\10.0.22000.0\ucrt\corecrt.h(380): error C2371: 'uintptr_t': redefinition; different basic types
  c:\program files (x86)\microsoft visual studio\2017\enterprise\vc\tools\msvc\14.16.27023\include\vadefs.h(28): note: see declaration of 'uintptr_t'
c:\program files (x86)\windows kits\10\include\10.0.22000.0\ucrt\corecrt.h(380): error C2146: syntax error: missing ';' before identifier '_Reserved'
c:\program files (x86)\windows kits\10\include\10.0.22000.0\ucrt\corecrt.h(380): error C2059: syntax error: ')'
c:\program files (x86)\windows kits\10\include\10.0.22000.0\ucrt\corecrt.h(604): error C2513: 'int': no variable declared before '='
c:\program files (x86)\windows kits\10\include\10.0.22000.0\ucrt\corecrt.h(613): error C2143: syntax error: missing ':' before '='
c:\program files (x86)\windows kits\10\include\10.0.22000.0\ucrt\corecrt.h(613): error C2059: syntax error: '='
c:\program files (x86)\windows kits\10\include\10.0.22000.0\ucrt\corecrt.h(614): warning C4142: 'MAX_BOD': benign redefinition of type
  c:\program files (x86)\windows kits\10\include\10.0.22000.0\ucrt\corecrt.h(604): note: see declaration of 'MAX_BOD'
c:\program files (x86)\windows kits\10\include\10.0.22000.0\ucrt\corecrt.h(614): error C2370: 'MAX_BOD': redefinition; different storage class
  c:\program files (x86)\windows kits\10\include\10.0.22000.0\ucrt\corecrt.h(604): note: see declaration of 'MAX_BOD'
c:\program files (x86)\windows kits\10\include\10.0.22000.0\ucrt\corecrt.h(615): error C2059: syntax error: '}'
c:\program files (x86)\windows kits\10\include\10.0.22000.0\ucrt\corecrt_wstdio.h(81): error C2143: syntax error: missing ')' before '='
c:\program files (x86)\windows kits\10\include\10.0.22000.0\ucrt\corecrt_wstdio.h(81): error C2072: 'fgetws': initialization of a function
c:\program files (x86)\windows kits\10\include\10.0.22000.0\ucrt\corecrt_wstdio.h(82): error C2371: 'FILE': redefinition; different basic types
  c:\program files (x86)\windows kits\10\include\10.0.22000.0\ucrt\corecrt_wstdio.h(31): note: see declaration of 'FILE'
c:\program files (x86)\windows kits\10\include\10.0.22000.0\ucrt\corecrt_wstdio.h(82): error C2143: syntax error: missing ';' before '*'
c:\program files (x86)\windows kits\10\include\10.0.22000.0\ucrt\corecrt_wstdio.h(83): error C2059: syntax error: ')'
c:\program files (x86)\windows kits\10\include\10.0.22000.0\ucrt\corecrt_wstdio.h(86): error C2513: 'int': no variable declared before '='
c:\program files (x86)\windows kits\10\include\10.0.22000.0\ucrt\corecrt_wstdio.h(116): error C2513: 'int': no variable declared before '='
c:\program files (x86)\windows kits\10\include\10.0.22000.0\ucrt\corecrt_wstdio.h(128): error C2143: syntax error: missing ')' before '='
c:\program files (x86)\windows kits\10\include\10.0.22000.0\ucrt\corecrt_wstdio.h(128): error C2072: '_wfdopen': initialization of a function
c:\program files (x86)\windows kits\10\include\10.0.22000.0\ucrt\corecrt_wstdio.h(129): error C2371: 'wchar_t': redefinition; different basic types
  c:\program files (x86)\microsoft visual studio\2017\enterprise\vc\tools\msvc\14.16.27023\include\vcruntime.h(215): note: see declaration of 'wchar_t'
c:\program files (x86)\windows kits\10\include\10.0.22000.0\ucrt\corecrt_wstdio.h(129): error C2143: syntax error: missing ';' before 'const'
c:\program files (x86)\windows kits\10\include\10.0.22000.0\ucrt\corecrt_wstdio.h(130): error C2059: syntax error: ')'
c:\program files (x86)\windows kits\10\include\10.0.22000.0\ucrt\corecrt_wstdio.h(139): error C2143: syntax error: missing '{' before '__cdecl'
c:\program files (x86)\windows kits\10\include\10.0.22000.0\ucrt\corecrt_wstdio.h(154): error C2143: syntax error: missing '{' before '__cdecl'
c:\program files (x86)\windows kits\10\include\10.0.22000.0\ucrt\corecrt_wstdio.h(165): error C2143: syntax error: missing ')' before '='
c:\program files (x86)\windows kits\10\include\10.0.22000.0\ucrt\corecrt_wstdio.h(165): error C2072: '_wfsopen': initialization of a function
c:\program files (x86)\windows kits\10\include\10.0.22000.0\ucrt\corecrt_wstdio.h(166): error C2059: syntax error: ')'
c:\program files (x86)\windows kits\10\include\10.0.22000.0\ucrt\corecrt_wstdio.h(182): error C2513: 'int': no variable declared before '='
c:\program files (x86)\windows kits\10\include\10.0.22000.0\ucrt\corecrt_wstdio.h(199): error C2143: syntax error: missing '{' before '__cdecl'
c:\program files (x86)\windows kits\10\include\10.0.22000.0\ucrt\corecrt_wstdio.h(272): error C2513: 'int': no variable declared before '='
c:\program files (x86)\windows kits\10\include\10.0.22000.0\ucrt\corecrt_wstdio.h(281): error C2513: 'int': no variable declared before '='
c:\program files (x86)\windows kits\10\include\10.0.22000.0\ucrt\corecrt_wstdio.h(290): error C2513: 'int': no variable declared before '='
c:\program files (x86)\windows kits\10\include\10.0.22000.0\ucrt\corecrt_wstdio.h(299): error C2513: 'int': no variable declared before '='
c:\program files (x86)\windows kits\10\include\10.0.22000.0\ucrt\corecrt_wstdio.h(314): error C2513: 'int': no variable declared before '='
c:\program files (x86)\windows kits\10\include\10.0.22000.0\ucrt\corecrt_wstdio.h(328): error C2513: 'int': no variable declared before '='
c:\program files (x86)\windows kits\10\include\10.0.22000.0\ucrt\corecrt_wstdio.h(345): error C2513: 'int': no variable declared before '='
c:\program files (x86)\windows kits\10\include\10.0.22000.0\ucrt\corecrt_wstdio.h(361): error C2513: 'int': no variable declared before '='
c:\program files (x86)\windows kits\10\include\10.0.22000.0\ucrt\corecrt_wstdio.h(376): error C2513: 'int': no variable declared before '='
c:\program files (x86)\windows kits\10\include\10.0.22000.0\ucrt\corecrt_wstdio.h(390): error C2513: 'int': no variable declared before '='
c:\program files (x86)\windows kits\10\include\10.0.22000.0\ucrt\corecrt_wstdio.h(404): error C2513: 'int': no variable declared before '='
c:\program files (x86)\windows kits\10\include\10.0.22000.0\ucrt\corecrt_wstdio.h(417): error C2513: 'int': no variable declared before '='
c:\program files (x86)\windows kits\10\include\10.0.22000.0\ucrt\corecrt_wstdio.h(433): error C2513: 'int': no variable declared before '='
c:\program files (x86)\windows kits\10\include\10.0.22000.0\ucrt\corecrt_wstdio.h(448): error C2513: 'int': no variable declared before '='
c:\program files (x86)\windows kits\10\include\10.0.22000.0\ucrt\corecrt_wstdio.h(462): error C2513: 'int': no variable declared before '='
c:\program files (x86)\windows kits\10\include\10.0.22000.0\ucrt\corecrt_wstdio.h(475): error C2513: 'int': no variable declared before '='
c:\program files (x86)\windows kits\10\include\10.0.22000.0\ucrt\corecrt_wstdio.h(484): error C2513: 'int': no variable declared before '='
c:\program files (x86)\windows kits\10\include\10.0.22000.0\ucrt\corecrt_wstdio.h(484): error C2065: '_Result': undeclared identifier
c:\program files (x86)\windows kits\10\include\10.0.22000.0\ucrt\corecrt_wstdio.h(487): error C2065: '_Result': undeclared identifier
c:\program files (x86)\windows kits\10\include\10.0.22000.0\ucrt\corecrt_wstdio.h(489): error C2065: '_Result': undeclared identifier
c:\program files (x86)\windows kits\10\include\10.0.22000.0\ucrt\corecrt_wstdio.h(494): error C2513: 'int': no variable declared before '='
c:\program files (x86)\windows kits\10\include\10.0.22000.0\ucrt\corecrt_wstdio.h(502): error C2513: 'int': no variable declared before '='
c:\program files (x86)\windows kits\10\include\10.0.22000.0\ucrt\corecrt_wstdio.h(502): error C2065: '_Result': undeclared identifier
c:\program files (x86)\windows kits\10\include\10.0.22000.0\ucrt\corecrt_wstdio.h(505): error C2065: '_Result': undeclared identifier
c:\program files (x86)\windows kits\10\include\10.0.22000.0\ucrt\corecrt_wstdio.h(507): error C2065: '_Result': undeclared identifier
c:\program files (x86)\windows kits\10\include\10.0.22000.0\ucrt\corecrt_wstdio.h(512): error C2513: 'int': no variable declared before '='
c:\program files (x86)\windows kits\10\include\10.0.22000.0\ucrt\corecrt_wstdio.h(521): error C2513: 'int': no variable declared before '='
c:\program files (x86)\windows kits\10\include\10.0.22000.0\ucrt\corecrt_wstdio.h(521): error C2065: '_Result': undeclared identifier
c:\program files (x86)\windows kits\10\include\10.0.22000.0\ucrt\corecrt_wstdio.h(524): error C2065: '_Result': undeclared identifier
c:\program files (x86)\windows kits\10\include\10.0.22000.0\ucrt\corecrt_wstdio.h(526): error C2065: '_Result': undeclared identifier
c:\program files (x86)\windows kits\10\include\10.0.22000.0\ucrt\corecrt_wstdio.h(533): error C2513: 'int': no variable declared before '='
c:\program files (x86)\windows kits\10\include\10.0.22000.0\ucrt\corecrt_wstdio.h(541): error C2513: 'int': no variable declared before '='
c:\program files (x86)\windows kits\10\include\10.0.22000.0\ucrt\corecrt_wstdio.h(541): error C2065: '_Result': undeclared identifier
c:\program files (x86)\windows kits\10\include\10.0.22000.0\ucrt\corecrt_wstdio.h(544): error C2065: '_Result': undeclared identifier
c:\program files (x86)\windows kits\10\include\10.0.22000.0\ucrt\corecrt_wstdio.h(546): error C2065: '_Result': undeclared identifier
c:\program files (x86)\windows kits\10\include\10.0.22000.0\ucrt\corecrt_wstdio.h(553): error C2513: 'int': no variable declared before '='
c:\program files (x86)\windows kits\10\include\10.0.22000.0\ucrt\corecrt_wstdio.h(562): error C2513: 'int': no variable declared before '='
c:\program files (x86)\windows kits\10\include\10.0.22000.0\ucrt\corecrt_wstdio.h(562): error C2065: '_Result': undeclared identifier
c:\program files (x86)\windows kits\10\include\10.0.22000.0\ucrt\corecrt_wstdio.h(565): error C2065: '_Result': undeclared identifier
c:\program files (x86)\windows kits\10\include\10.0.22000.0\ucrt\corecrt_wstdio.h(567): error C2065: '_Result': undeclared identifier
c:\program files (x86)\windows kits\10\include\10.0.22000.0\ucrt\corecrt_wstdio.h(572): error C2513: 'int': no variable declared before '='
c:\program files (x86)\windows kits\10\include\10.0.22000.0\ucrt\corecrt_wstdio.h(580): error C2513: 'int': no variable declared before '='
c:\program files (x86)\windows kits\10\include\10.0.22000.0\ucrt\corecrt_wstdio.h(580): error C2065: '_Result': undeclared identifier
c:\program files (x86)\windows kits\10\include\10.0.22000.0\ucrt\corecrt_wstdio.h(583): error C2065: '_Result': undeclared identifier
c:\program files (x86)\windows kits\10\include\10.0.22000.0\ucrt\corecrt_wstdio.h(585): error C2065: '_Result': undeclared identifier
c:\program files (x86)\windows kits\10\include\10.0.22000.0\ucrt\corecrt_wstdio.h(590): error C2513: 'int': no variable declared before '='
c:\program files (x86)\windows kits\10\include\10.0.22000.0\ucrt\corecrt_wstdio.h(598): error C2513: 'int': no variable declared before '='
c:\program files (x86)\windows kits\10\include\10.0.22000.0\ucrt\corecrt_wstdio.h(598): error C2065: '_Result': undeclared identifier
c:\program files (x86)\windows kits\10\include\10.0.22000.0\ucrt\corecrt_wstdio.h(601): error C2065: '_Result': undeclared identifier
c:\program files (x86)\windows kits\10\include\10.0.22000.0\ucrt\corecrt_wstdio.h(603): error C2065: '_Result': undeclared identifier
c:\program files (x86)\windows kits\10\include\10.0.22000.0\ucrt\corecrt_wstdio.h(608): error C2513: 'int': no variable declared before '='
c:\program files (x86)\windows kits\10\include\10.0.22000.0\ucrt\corecrt_wstdio.h(615): error C2513: 'int': no variable declared before '='
c:\program files (x86)\windows kits\10\include\10.0.22000.0\ucrt\corecrt_wstdio.h(615): error C2065: '_Result': undeclared identifier
c:\program files (x86)\windows kits\10\include\10.0.22000.0\ucrt\corecrt_wstdio.h(618): error C2065: '_Result': undeclared identifier
c:\program files (x86)\windows kits\10\include\10.0.22000.0\ucrt\corecrt_wstdio.h(620): error C2065: '_Result': undeclared identifier
c:\program files (x86)\windows kits\10\include\10.0.22000.0\ucrt\corecrt_wstdio.h(625): error C2513: 'int': no variable declared before '='
c:\program files (x86)\windows kits\10\include\10.0.22000.0\ucrt\corecrt_wstdio.h(633): error C2513: 'int': no variable declared before '='
c:\program files (x86)\windows kits\10\include\10.0.22000.0\ucrt\corecrt_wstdio.h(633): error C2065: '_Result': undeclared identifier
c:\program files (x86)\windows kits\10\include\10.0.22000.0\ucrt\corecrt_wstdio.h(636): error C2065: '_Result': undeclared identifier
c:\program files (x86)\windows kits\10\include\10.0.22000.0\ucrt\corecrt_wstdio.h(638): error C2065: '_Result': undeclared identifier
c:\program files (x86)\windows kits\10\include\10.0.22000.0\ucrt\corecrt_wstdio.h(645): error C2513: 'int': no variable declared before '='
c:\program files (x86)\windows kits\10\include\10.0.22000.0\ucrt\corecrt_wstdio.h(652): error C2513: 'int': no variable declared before '='
c:\program files (x86)\windows kits\10\include\10.0.22000.0\ucrt\corecrt_wstdio.h(652): error C2065: '_Result': undeclared identifier
c:\program files (x86)\windows kits\10\include\10.0.22000.0\ucrt\corecrt_wstdio.h(655): error C2065: '_Result': undeclared identifier
c:\program files (x86)\windows kits\10\include\10.0.22000.0\ucrt\corecrt_wstdio.h(657): error C2065: '_Result': undeclared identifier
c:\program files (x86)\windows kits\10\include\10.0.22000.0\ucrt\corecrt_wstdio.h(664): error C2513: 'int': no variable declared before '='
c:\program files (x86)\windows kits\10\include\10.0.22000.0\ucrt\corecrt_wstdio.h(672): error C2513: 'int': no variable declared before '='
c:\program files (x86)\windows kits\10\include\10.0.22000.0\ucrt\corecrt_wstdio.h(672): fatal error C1003: error count exceeds 100; stopping compilation
